<?xml version="1.0" encoding="UTF-8"?>
<testsuite name="com.jojoldu.book.springboot.web.HelloControllerTest" tests="2" skipped="0" failures="0" errors="0" timestamp="2022-06-18T04:52:54" hostname="freelec-springboot2-webservice" time="0.318">
  <properties/>
  <testcase name="hello가_리턴된다" classname="com.jojoldu.book.springboot.web.HelloControllerTest" time="0.145"/>
  <testcase name="helloDto가_리턴된다" classname="com.jojoldu.book.springboot.web.HelloControllerTest" time="0.172"/>
  <system-out><![CDATA[2022-06-18 13:52:52.631  INFO 25294 --- [    Test worker] .b.t.a.w.s.WebMvcTestContextBootstrapper : Neither @ContextConfiguration nor @ContextHierarchy found for test class [com.jojoldu.book.springboot.web.HelloControllerTest], using SpringBootContextLoader
2022-06-18 13:52:52.635  INFO 25294 --- [    Test worker] o.s.t.c.support.AbstractContextLoader    : Could not detect default resource locations for test class [com.jojoldu.book.springboot.web.HelloControllerTest]: no resource found for suffixes {-context.xml, Context.groovy}.
2022-06-18 13:52:52.636  INFO 25294 --- [    Test worker] t.c.s.AnnotationConfigContextLoaderUtils : Could not detect default configuration classes for test class [com.jojoldu.book.springboot.web.HelloControllerTest]: HelloControllerTest does not declare any static, non-private, non-final, nested classes annotated with @Configuration.
2022-06-18 13:52:52.676  INFO 25294 --- [    Test worker] .b.t.c.SpringBootTestContextBootstrapper : Found @SpringBootConfiguration com.jojoldu.book.springboot.Application for test class com.jojoldu.book.springboot.web.HelloControllerTest
2022-06-18 13:52:52.684  INFO 25294 --- [    Test worker] .b.t.a.w.s.WebMvcTestContextBootstrapper : Loaded default TestExecutionListener class names from location [META-INF/spring.factories]: [org.springframework.security.test.context.support.WithSecurityContextTestExecutionListener, org.springframework.security.test.context.support.ReactorContextTestExecutionListener, org.springframework.boot.test.autoconfigure.restdocs.RestDocsTestExecutionListener, org.springframework.boot.test.autoconfigure.web.client.MockRestServiceServerResetTestExecutionListener, org.springframework.boot.test.autoconfigure.web.servlet.MockMvcPrintOnlyOnFailureTestExecutionListener, org.springframework.boot.test.autoconfigure.web.servlet.WebDriverTestExecutionListener, org.springframework.boot.test.mock.mockito.MockitoTestExecutionListener, org.springframework.boot.test.mock.mockito.ResetMocksTestExecutionListener, org.springframework.test.context.web.ServletTestExecutionListener, org.springframework.test.context.support.DirtiesContextBeforeModesTestExecutionListener, org.springframework.test.context.support.DependencyInjectionTestExecutionListener, org.springframework.test.context.support.DirtiesContextTestExecutionListener, org.springframework.test.context.transaction.TransactionalTestExecutionListener, org.springframework.test.context.jdbc.SqlScriptsTestExecutionListener]
2022-06-18 13:52:52.685  INFO 25294 --- [    Test worker] .b.t.a.w.s.WebMvcTestContextBootstrapper : Using TestExecutionListeners: [org.springframework.test.context.web.ServletTestExecutionListener@3fbf1a63, org.springframework.test.context.support.DirtiesContextBeforeModesTestExecutionListener@58450e5, org.springframework.boot.test.mock.mockito.MockitoTestExecutionListener@67c4533c, org.springframework.boot.test.autoconfigure.SpringBootDependencyInjectionTestExecutionListener@3eed018e, org.springframework.test.context.support.DirtiesContextTestExecutionListener@79c66832, org.springframework.test.context.transaction.TransactionalTestExecutionListener@5e621c97, org.springframework.test.context.jdbc.SqlScriptsTestExecutionListener@1b7ae9d4, org.springframework.security.test.context.support.WithSecurityContextTestExecutionListener@4dcd6a44, org.springframework.security.test.context.support.ReactorContextTestExecutionListener@7000c37, org.springframework.boot.test.autoconfigure.restdocs.RestDocsTestExecutionListener@49483ee4, org.springframework.boot.test.autoconfigure.web.client.MockRestServiceServerResetTestExecutionListener@5304a50, org.springframework.boot.test.autoconfigure.web.servlet.MockMvcPrintOnlyOnFailureTestExecutionListener@23099ff8, org.springframework.boot.test.autoconfigure.web.servlet.WebDriverTestExecutionListener@24ef5e1a, org.springframework.boot.test.mock.mockito.ResetMocksTestExecutionListener@2c58fb7d]

  .   ____          _            __ _ _
 /\\ / ___'_ __ _ _(_)_ __  __ _ \ \ \ \
( ( )\___ | '_ | '_| | '_ \/ _` | \ \ \ \
 \\/  ___)| |_)| | | | | || (_| |  ) ) ) )
  '  |____| .__|_| |_|_| |_\__, | / / / /
 =========|_|==============|___/=/_/_/_/
 :: Spring Boot ::        (v2.1.9.RELEASE)

2022-06-18 13:52:52.763  INFO 25294 --- [    Test worker] c.j.b.s.web.HelloControllerTest          : Starting HelloControllerTest on freelec-springboot2-webservice with PID 25294 (started by ec2-user in /home/ec2-user/app/step1/freelec-springboot2-webservice)
2022-06-18 13:52:52.763  INFO 25294 --- [    Test worker] c.j.b.s.web.HelloControllerTest          : The following profiles are active: oauth
2022-06-18 13:52:53.568  INFO 25294 --- [    Test worker] o.s.s.concurrent.ThreadPoolTaskExecutor  : Initializing ExecutorService 'applicationTaskExecutor'
2022-06-18 13:52:53.643  INFO 25294 --- [    Test worker] o.s.b.a.w.s.WelcomePageHandlerMapping    : Adding welcome page template: index
2022-06-18 13:52:54.007  INFO 25294 --- [    Test worker] .s.s.UserDetailsServiceAutoConfiguration : 

Using generated security password: c62da3c9-0860-43e0-9cdd-ee35214d870f

2022-06-18 13:52:54.240  INFO 25294 --- [    Test worker] o.s.s.web.DefaultSecurityFilterChain     : Creating filter chain: any request, [org.springframework.security.web.context.request.async.WebAsyncManagerIntegrationFilter@3358d684, org.springframework.security.web.context.SecurityContextPersistenceFilter@6c5778b7, org.springframework.security.web.header.HeaderWriterFilter@56cd0bd1, org.springframework.security.web.csrf.CsrfFilter@5a2340ad, org.springframework.security.web.authentication.logout.LogoutFilter@390d1607, org.springframework.security.web.authentication.UsernamePasswordAuthenticationFilter@49048868, org.springframework.security.web.authentication.ui.DefaultLoginPageGeneratingFilter@3879f13e, org.springframework.security.web.authentication.ui.DefaultLogoutPageGeneratingFilter@7b2696dc, org.springframework.security.web.authentication.www.BasicAuthenticationFilter@22da6e9d, org.springframework.security.web.savedrequest.RequestCacheAwareFilter@48cd5653, org.springframework.security.web.servletapi.SecurityContextHolderAwareRequestFilter@76e04f18, org.springframework.security.web.authentication.AnonymousAuthenticationFilter@a79a1a3, org.springframework.security.web.session.SessionManagementFilter@162b1f8d, org.springframework.security.web.access.ExceptionTranslationFilter@2c9105f3, org.springframework.security.web.access.intercept.FilterSecurityInterceptor@5097a05b]
2022-06-18 13:52:54.307  INFO 25294 --- [    Test worker] o.s.b.t.m.w.SpringBootMockServletContext : Initializing Spring TestDispatcherServlet ''
2022-06-18 13:52:54.308  INFO 25294 --- [    Test worker] o.s.t.web.servlet.TestDispatcherServlet  : Initializing Servlet ''
2022-06-18 13:52:54.333  INFO 25294 --- [    Test worker] o.s.t.web.servlet.TestDispatcherServlet  : Completed initialization in 25 ms
2022-06-18 13:52:54.382  INFO 25294 --- [    Test worker] c.j.b.s.web.HelloControllerTest          : Started HelloControllerTest in 1.693 seconds (JVM running for 19.722)
]]></system-out>
  <system-err><![CDATA[]]></system-err>
</testsuite>
