<?xml version="1.0" encoding="UTF-8"?>
<testsuite name="com.jojoldu.book.springboot.web.IndexControllerTest" tests="1" skipped="0" failures="0" errors="0" timestamp="2022-06-18T04:52:58" hostname="freelec-springboot2-webservice" time="0.362">
  <properties/>
  <testcase name="메인페이지_로딩" classname="com.jojoldu.book.springboot.web.IndexControllerTest" time="0.362"/>
  <system-out><![CDATA[2022-06-18 13:52:54.713  INFO 25294 --- [    Test worker] .b.t.c.SpringBootTestContextBootstrapper : Neither @ContextConfiguration nor @ContextHierarchy found for test class [com.jojoldu.book.springboot.web.IndexControllerTest], using SpringBootContextLoader
2022-06-18 13:52:54.715  INFO 25294 --- [    Test worker] o.s.t.c.support.AbstractContextLoader    : Could not detect default resource locations for test class [com.jojoldu.book.springboot.web.IndexControllerTest]: no resource found for suffixes {-context.xml, Context.groovy}.
2022-06-18 13:52:54.715  INFO 25294 --- [    Test worker] t.c.s.AnnotationConfigContextLoaderUtils : Could not detect default configuration classes for test class [com.jojoldu.book.springboot.web.IndexControllerTest]: IndexControllerTest does not declare any static, non-private, non-final, nested classes annotated with @Configuration.
2022-06-18 13:52:54.720  INFO 25294 --- [    Test worker] .b.t.c.SpringBootTestContextBootstrapper : Found @SpringBootConfiguration com.jojoldu.book.springboot.Application for test class com.jojoldu.book.springboot.web.IndexControllerTest
2022-06-18 13:52:54.722  INFO 25294 --- [    Test worker] .b.t.c.SpringBootTestContextBootstrapper : Loaded default TestExecutionListener class names from location [META-INF/spring.factories]: [org.springframework.security.test.context.support.WithSecurityContextTestExecutionListener, org.springframework.security.test.context.support.ReactorContextTestExecutionListener, org.springframework.boot.test.autoconfigure.restdocs.RestDocsTestExecutionListener, org.springframework.boot.test.autoconfigure.web.client.MockRestServiceServerResetTestExecutionListener, org.springframework.boot.test.autoconfigure.web.servlet.MockMvcPrintOnlyOnFailureTestExecutionListener, org.springframework.boot.test.autoconfigure.web.servlet.WebDriverTestExecutionListener, org.springframework.boot.test.mock.mockito.MockitoTestExecutionListener, org.springframework.boot.test.mock.mockito.ResetMocksTestExecutionListener, org.springframework.test.context.web.ServletTestExecutionListener, org.springframework.test.context.support.DirtiesContextBeforeModesTestExecutionListener, org.springframework.test.context.support.DependencyInjectionTestExecutionListener, org.springframework.test.context.support.DirtiesContextTestExecutionListener, org.springframework.test.context.transaction.TransactionalTestExecutionListener, org.springframework.test.context.jdbc.SqlScriptsTestExecutionListener]
2022-06-18 13:52:54.723  INFO 25294 --- [    Test worker] .b.t.c.SpringBootTestContextBootstrapper : Using TestExecutionListeners: [org.springframework.test.context.web.ServletTestExecutionListener@16f7b9c5, org.springframework.test.context.support.DirtiesContextBeforeModesTestExecutionListener@7a0a223, org.springframework.boot.test.mock.mockito.MockitoTestExecutionListener@6e798231, org.springframework.boot.test.autoconfigure.SpringBootDependencyInjectionTestExecutionListener@1753e8f6, org.springframework.test.context.support.DirtiesContextTestExecutionListener@3c415248, org.springframework.test.context.transaction.TransactionalTestExecutionListener@3ef24e59, org.springframework.test.context.jdbc.SqlScriptsTestExecutionListener@1cb83bbc, org.springframework.security.test.context.support.WithSecurityContextTestExecutionListener@14a46485, org.springframework.security.test.context.support.ReactorContextTestExecutionListener@22c1b74b, org.springframework.boot.test.autoconfigure.restdocs.RestDocsTestExecutionListener@e6db5cc, org.springframework.boot.test.autoconfigure.web.client.MockRestServiceServerResetTestExecutionListener@53550a66, org.springframework.boot.test.autoconfigure.web.servlet.MockMvcPrintOnlyOnFailureTestExecutionListener@6462ccc5, org.springframework.boot.test.autoconfigure.web.servlet.WebDriverTestExecutionListener@4b3644ed, org.springframework.boot.test.mock.mockito.ResetMocksTestExecutionListener@28964b92]

  .   ____          _            __ _ _
 /\\ / ___'_ __ _ _(_)_ __  __ _ \ \ \ \
( ( )\___ | '_ | '_| | '_ \/ _` | \ \ \ \
 \\/  ___)| |_)| | | | | || (_| |  ) ) ) )
  '  |____| .__|_| |_|_| |_\__, | / / / /
 =========|_|==============|___/=/_/_/_/
 :: Spring Boot ::        (v2.1.9.RELEASE)

2022-06-18 13:52:54.808  INFO 25294 --- [    Test worker] c.j.b.s.web.IndexControllerTest          : Starting IndexControllerTest on freelec-springboot2-webservice with PID 25294 (started by ec2-user in /home/ec2-user/app/step1/freelec-springboot2-webservice)
2022-06-18 13:52:54.808  INFO 25294 --- [    Test worker] c.j.b.s.web.IndexControllerTest          : The following profiles are active: oauth
2022-06-18 13:52:55.246  INFO 25294 --- [    Test worker] .s.d.r.c.RepositoryConfigurationDelegate : Bootstrapping Spring Data repositories in DEFAULT mode.
2022-06-18 13:52:55.271  INFO 25294 --- [    Test worker] .s.d.r.c.RepositoryConfigurationDelegate : Finished Spring Data repository scanning in 21ms. Found 2 repository interfaces.
2022-06-18 13:52:55.484  INFO 25294 --- [    Test worker] trationDelegate$BeanPostProcessorChecker : Bean 'org.springframework.transaction.annotation.ProxyTransactionManagementConfiguration' of type [org.springframework.transaction.annotation.ProxyTransactionManagementConfiguration$$EnhancerBySpringCGLIB$$ac243f7a] is not eligible for getting processed by all BeanPostProcessors (for example: not eligible for auto-proxying)
2022-06-18 13:52:55.974  INFO 25294 --- [    Test worker] o.s.b.w.embedded.tomcat.TomcatWebServer  : Tomcat initialized with port(s): 0 (http)
2022-06-18 13:52:56.048  INFO 25294 --- [    Test worker] o.apache.catalina.core.StandardService   : Starting service [Tomcat]
2022-06-18 13:52:56.049  INFO 25294 --- [    Test worker] org.apache.catalina.core.StandardEngine  : Starting Servlet engine: [Apache Tomcat/9.0.26]
2022-06-18 13:52:56.526  INFO 25294 --- [    Test worker] o.a.c.c.C.[Tomcat].[localhost].[/]       : Initializing Spring embedded WebApplicationContext
2022-06-18 13:52:56.536  INFO 25294 --- [    Test worker] o.s.web.context.ContextLoader            : Root WebApplicationContext: initialization completed in 1724 ms
2022-06-18 13:52:56.832  INFO 25294 --- [    Test worker] com.zaxxer.hikari.HikariDataSource       : HikariPool-2 - Starting...
2022-06-18 13:52:56.834  INFO 25294 --- [    Test worker] com.zaxxer.hikari.HikariDataSource       : HikariPool-2 - Start completed.
2022-06-18 13:52:56.876  INFO 25294 --- [    Test worker] o.hibernate.jpa.internal.util.LogHelper  : HHH000204: Processing PersistenceUnitInfo [
	name: default
	...]
2022-06-18 13:52:56.893  INFO 25294 --- [    Test worker] org.hibernate.dialect.Dialect            : HHH000400: Using dialect: org.hibernate.dialect.MySQL5InnoDBDialect
Hibernate: drop table if exists posts
Hibernate: drop table if exists user
Hibernate: create table posts (id bigint not null auto_increment, created_date datetime, modified_date datetime, author varchar(255), content TEXT not null, title varchar(500) not null, primary key (id)) engine=InnoDB
Hibernate: create table user (id bigint not null auto_increment, created_date datetime, modified_date datetime, email varchar(255) not null, name varchar(255) not null, picture varchar(255), role varchar(255) not null, primary key (id)) engine=InnoDB
2022-06-18 13:52:57.048  INFO 25294 --- [    Test worker] o.h.t.schema.internal.SchemaCreatorImpl  : HHH000476: Executing import script 'org.hibernate.tool.schema.internal.exec.ScriptSourceInputNonExistentImpl@3856aa4c'
2022-06-18 13:52:57.048  INFO 25294 --- [    Test worker] j.LocalContainerEntityManagerFactoryBean : Initialized JPA EntityManagerFactory for persistence unit 'default'
2022-06-18 13:52:57.653  INFO 25294 --- [    Test worker] o.h.h.i.QueryTranslatorFactoryInitiator  : HHH000397: Using ASTQueryTranslatorFactory
2022-06-18 13:52:57.925  INFO 25294 --- [    Test worker] o.s.s.web.DefaultSecurityFilterChain     : Creating filter chain: any request, [org.springframework.security.web.context.request.async.WebAsyncManagerIntegrationFilter@471fbd6c, org.springframework.security.web.context.SecurityContextPersistenceFilter@581e7ffe, org.springframework.security.web.header.HeaderWriterFilter@4d0bf86c, org.springframework.security.web.authentication.logout.LogoutFilter@508720c7, org.springframework.security.oauth2.client.web.OAuth2AuthorizationRequestRedirectFilter@787c801e, org.springframework.security.oauth2.client.web.OAuth2LoginAuthenticationFilter@4532542b, org.springframework.security.web.authentication.ui.DefaultLoginPageGeneratingFilter@7b4d51df, org.springframework.security.web.authentication.ui.DefaultLogoutPageGeneratingFilter@725f9af7, org.springframework.security.web.savedrequest.RequestCacheAwareFilter@e6fcec7, org.springframework.security.web.servletapi.SecurityContextHolderAwareRequestFilter@1c358ffe, org.springframework.security.web.authentication.AnonymousAuthenticationFilter@6e3f88d2, org.springframework.security.web.session.SessionManagementFilter@24c86ae5, org.springframework.security.web.access.ExceptionTranslationFilter@78a35b7, org.springframework.security.web.access.intercept.FilterSecurityInterceptor@13a4da32]
2022-06-18 13:52:58.269  INFO 25294 --- [    Test worker] o.s.s.concurrent.ThreadPoolTaskExecutor  : Initializing ExecutorService 'applicationTaskExecutor'
2022-06-18 13:52:58.300  WARN 25294 --- [    Test worker] aWebConfiguration$JpaWebMvcConfiguration : spring.jpa.open-in-view is enabled by default. Therefore, database queries may be performed during view rendering. Explicitly configure spring.jpa.open-in-view to disable this warning
2022-06-18 13:52:58.352  INFO 25294 --- [    Test worker] o.s.b.a.w.s.WelcomePageHandlerMapping    : Adding welcome page template: index
2022-06-18 13:52:58.793  INFO 25294 --- [    Test worker] s.a.ScheduledAnnotationBeanPostProcessor : No TaskScheduler/ScheduledExecutorService bean found for scheduled processing
2022-06-18 13:52:58.855  INFO 25294 --- [    Test worker] o.s.b.w.embedded.tomcat.TomcatWebServer  : Tomcat started on port(s): 40223 (http) with context path ''
2022-06-18 13:52:58.860  INFO 25294 --- [    Test worker] c.j.b.s.web.IndexControllerTest          : Started IndexControllerTest in 4.13 seconds (JVM running for 24.2)
2022-06-18 13:52:59.063  INFO 25294 --- [o-auto-1-exec-1] o.a.c.c.C.[Tomcat].[localhost].[/]       : Initializing Spring DispatcherServlet 'dispatcherServlet'
2022-06-18 13:52:59.063  INFO 25294 --- [o-auto-1-exec-1] o.s.web.servlet.DispatcherServlet        : Initializing Servlet 'dispatcherServlet'
2022-06-18 13:52:59.082  INFO 25294 --- [o-auto-1-exec-1] o.s.web.servlet.DispatcherServlet        : Completed initialization in 18 ms
Hibernate: select posts0_.id as id1_0_, posts0_.created_date as created_2_0_, posts0_.modified_date as modified3_0_, posts0_.author as author4_0_, posts0_.content as content5_0_, posts0_.title as title6_0_ from posts posts0_ order by posts0_.id DESC
]]></system-out>
  <system-err><![CDATA[]]></system-err>
</testsuite>
